<?xml version="1.0" encoding="UTF-8"?>
<!-- Generated by org.testng.reporters.JUnitXMLReporter -->
<testsuite ignored="1" hostname="DM-DT16" failures="0" tests="1" name="Default test" time="53.865" errors="0" timestamp="2023-02-21T17:42:19 IST">
  <testcase classname="eidsa.EidsaTest.Test.CreateStudyTest" name="AddSub" time="43.423"/>
  <testcase classname="eidsa.EidsaTest.Test.CreateStudyTest" name="createStudy" time="0.0">
    <ignored/>
  </testcase> <!-- createStudy -->
</testsuite> <!-- Default test -->
