<?xml version="1.0" encoding="UTF-8"?>
<!-- Generated by org.testng.reporters.JUnitXMLReporter -->
<testsuite ignored="0" hostname="DM-DT16" failures="0" tests="4" name="Default test" time="141.884" errors="0" timestamp="2023-03-08T11:07:12 IST">
  <testcase classname="eidsa.EidsaTest.Test.SearchFunctionTest" name="formsSearch" time="31.611"/>
  <testcase classname="eidsa.EidsaTest.Test.SearchFunctionTest" name="siteSearch" time="24.247"/>
  <testcase classname="eidsa.EidsaTest.Test.SearchFunctionTest" name="studySearch" time="21.38"/>
  <testcase classname="eidsa.EidsaTest.Test.SearchFunctionTest" name="subjectSearch" time="24.642"/>
</testsuite> <!-- Default test -->
