<?xml version="1.0" encoding="UTF-8"?>
<!-- Generated by org.testng.reporters.JUnitXMLReporter -->
<testsuite ignored="3" hostname="DM-DT16" failures="0" tests="4" name="Error Validation" time="85.026" errors="0" timestamp="2023-02-27T13:14:14 IST">
  <testcase classname="eidsa.EidsaTest.Test.ErrorValidationTest" name="loginErrorValidation" time="4.036"/>
  <testcase classname="eidsa.EidsaTest.Test.ErrorValidationTest" name="duplicateStudyValidation" time="19.33"/>
  <testcase classname="eidsa.EidsaTest.Test.ErrorValidationTest" name="duplicateSiteValidation" time="7.373"/>
  <testcase classname="eidsa.EidsaTest.Test.ErrorValidationTest" name="duplicateSubValidation" time="13.825"/>
  <testcase classname="eidsa.EidsaTest.Test.ErrorValidationTest" name="subjectFieldValidation" time="0.0">
    <ignored/>
  </testcase> <!-- subjectFieldValidation -->
  <testcase classname="eidsa.EidsaTest.Test.ErrorValidationTest" name="siteFieldValidation" time="0.0">
    <ignored/>
  </testcase> <!-- siteFieldValidation -->
  <testcase classname="eidsa.EidsaTest.Test.ErrorValidationTest" name="studyFieldValidation" time="0.0">
    <ignored/>
  </testcase> <!-- studyFieldValidation -->
</testsuite> <!-- Error Validation -->
