<?xml version="1.0" encoding="UTF-8"?>
<!-- Generated by org.testng.reporters.JUnitXMLReporter -->
<testsuite ignored="0" hostname="DM-DT16" failures="0" tests="3" name="Crud Test" time="101.069" errors="0" timestamp="2023-02-21T17:46:10 IST">
  <testcase classname="eidsa.EidsaTest.Test.EidsaCrudTest" name="siteCrud" time="27.631"/>
  <testcase classname="eidsa.EidsaTest.Test.EidsaCrudTest" name="studyCrud" time="26.774"/>
  <testcase classname="eidsa.EidsaTest.Test.EidsaCrudTest" name="subjectCrud" time="27.994"/>
</testsuite> <!-- Crud Test -->
