<?xml version="1.0" encoding="UTF-8"?>
<!-- Generated by org.testng.reporters.JUnitXMLReporter -->
<testsuite ignored="0" hostname="DM-DT16" failures="0" tests="7" name="Error Validation" time="112.104" errors="0" timestamp="2023-03-02T10:20:10 IST">
  <testcase classname="eidsa.EidsaTest.Test.ErrorValidationTest" name="loginErrorValidation" time="3.501"/>
  <testcase classname="eidsa.EidsaTest.Test.ErrorValidationTest" name="studyFieldValidation" time="16.007"/>
  <testcase classname="eidsa.EidsaTest.Test.ErrorValidationTest" name="siteFieldValidation" time="3.904"/>
  <testcase classname="eidsa.EidsaTest.Test.ErrorValidationTest" name="subjectFieldValidation" time="8.607"/>
  <testcase classname="eidsa.EidsaTest.Test.ErrorValidationTest" name="duplicateStudyValidation" time="18.889"/>
  <testcase classname="eidsa.EidsaTest.Test.ErrorValidationTest" name="duplicateSiteValidation" time="6.848"/>
  <testcase classname="eidsa.EidsaTest.Test.ErrorValidationTest" name="duplicateSubValidation" time="13.039"/>
</testsuite> <!-- Error Validation -->
