<?xml version="1.0" encoding="UTF-8"?>
<!-- Generated by org.testng.reporters.JUnitXMLReporter -->
<testsuite ignored="0" hostname="DM-DT16" failures="0" tests="3" name="Error Validation" time="62.753" errors="0" timestamp="2023-02-27T10:53:47 IST">
  <testcase classname="eidsa.EidsaTest.Test.ErrorValidationTest" name="duplicateStudyValidation" time="19.488"/>
  <testcase classname="eidsa.EidsaTest.Test.ErrorValidationTest" name="duplicateSiteValidation" time="6.929"/>
  <testcase classname="eidsa.EidsaTest.Test.ErrorValidationTest" name="duplicateSubValidation" time="13.418"/>
</testsuite> <!-- Error Validation -->
