<?xml version="1.0" encoding="UTF-8"?>
<!-- Generated by org.testng.reporters.JUnitXMLReporter -->
<testsuite ignored="0" hostname="DM-DT16" failures="0" tests="4" name="Search Functionality Test" time="114.403" errors="0" timestamp="2023-02-22T16:03:48 IST">
  <testcase classname="eidsa.EidsaTest.Test.SearchFunctionTest" name="formsSearch" time="29.424"/>
  <testcase classname="eidsa.EidsaTest.Test.SearchFunctionTest" name="siteSearch" time="17.971"/>
  <testcase classname="eidsa.EidsaTest.Test.SearchFunctionTest" name="studySearch" time="17.322"/>
  <testcase classname="eidsa.EidsaTest.Test.SearchFunctionTest" name="subjectSearch" time="24.14"/>
</testsuite> <!-- Search Functionality Test -->
