<?xml version="1.0" encoding="UTF-8"?>
<!-- Generated by org.testng.reporters.JUnitXMLReporter -->
<testsuite ignored="0" hostname="DM-DT16" failures="0" tests="4" name="Search Functionality Test" time="112.559" errors="0" timestamp="2023-02-21T17:48:03 IST">
  <testcase classname="eidsa.EidsaTest.Test.SearchFunctionTest" name="formsSearch" time="29.43"/>
  <testcase classname="eidsa.EidsaTest.Test.SearchFunctionTest" name="siteSearch" time="18.071"/>
  <testcase classname="eidsa.EidsaTest.Test.SearchFunctionTest" name="studySearch" time="17.313"/>
  <testcase classname="eidsa.EidsaTest.Test.SearchFunctionTest" name="subjectSearch" time="24.067"/>
</testsuite> <!-- Search Functionality Test -->
