<?xml version="1.0" encoding="UTF-8"?>
<testng-results ignored="3" total="4" passed="1" failed="0" skipped="0">
  <reporter-output>
  </reporter-output>
  <suite started-at="2023-02-22T10:51:10 IST" name="Default suite" finished-at="2023-02-22T10:51:51 IST" duration-ms="40297">
    <groups>
    </groups>
    <test started-at="2023-02-22T10:51:10 IST" name="Default test" finished-at="2023-02-22T10:51:51 IST" duration-ms="40297">
      <class name="eidsa.EidsaTest.Test.ErrorValidationTest">
        <test-method is-config="true" signature="CreateStudyPage()[pri:0, instance:eidsa.EidsaTest.Test.ErrorValidationTest@67c27493]" started-at="2023-02-22T10:51:10 IST" name="CreateStudyPage" finished-at="2023-02-22T10:51:44 IST" duration-ms="34149" status="PASS">
          <reporter-output>
          </reporter-output>
        </test-method> <!-- CreateStudyPage -->
        <test-method signature="loginErrorValidation()[pri:0, instance:eidsa.EidsaTest.Test.ErrorValidationTest@67c27493]" started-at="2023-02-22T10:51:44 IST" name="loginErrorValidation" finished-at="2023-02-22T10:51:49 IST" duration-ms="4622" status="PASS">
          <reporter-output>
          </reporter-output>
        </test-method> <!-- loginErrorValidation -->
        <test-method is-config="true" signature="tearDown()[pri:0, instance:eidsa.EidsaTest.Test.ErrorValidationTest@67c27493]" started-at="2023-02-22T10:51:49 IST" name="tearDown" finished-at="2023-02-22T10:51:51 IST" duration-ms="1467" status="PASS">
          <reporter-output>
          </reporter-output>
        </test-method> <!-- tearDown -->
      </class> <!-- eidsa.EidsaTest.Test.ErrorValidationTest -->
    </test> <!-- Default test -->
  </suite> <!-- Default suite -->
</testng-results>
